<?xml version="1.0" encoding="UTF-8"?>
<testng-results ignored="0" total="1" passed="1" failed="0" skipped="0">
  <reporter-output>
  </reporter-output>
  <suite started-at="2024-07-15T15:49:06 IST" name="Default suite" finished-at="2024-07-15T15:49:12 IST" duration-ms="6002">
    <groups>
    </groups>
    <test started-at="2024-07-15T15:49:06 IST" name="Default test" finished-at="2024-07-15T15:49:12 IST" duration-ms="6002">
      <class name="com.automation.test.AddToCartTest">
        <test-method is-config="true" signature="setUp()[pri:0, instance:com.automation.test.AddToCartTest@4c1909a3]" started-at="2024-07-15T15:49:06 IST" name="setUp" finished-at="2024-07-15T15:49:08 IST" duration-ms="2079" status="PASS">
          <reporter-output>
          </reporter-output>
        </test-method> <!-- setUp -->
        <test-method signature="verifyAddtoCart()[pri:0, instance:com.automation.test.AddToCartTest@4c1909a3]" started-at="2024-07-15T15:49:08 IST" name="verifyAddtoCart" finished-at="2024-07-15T15:49:12 IST" duration-ms="3593" status="PASS">
          <reporter-output>
          </reporter-output>
        </test-method> <!-- verifyAddtoCart -->
        <test-method is-config="true" signature="cleanUp()[pri:0, instance:com.automation.test.AddToCartTest@4c1909a3]" started-at="2024-07-15T15:49:12 IST" name="cleanUp" finished-at="2024-07-15T15:49:12 IST" duration-ms="286" status="PASS">
          <reporter-output>
          </reporter-output>
        </test-method> <!-- cleanUp -->
      </class> <!-- com.automation.test.AddToCartTest -->
    </test> <!-- Default test -->
  </suite> <!-- Default suite -->
</testng-results>
